<?xml version="1.0" encoding="UTF-8"?>
<testng-results ignored="0" total="2" passed="2" failed="0" skipped="0">
  <reporter-output>
  </reporter-output>
  <suite started-at="2025-11-24T17:14:02 IST" name="Default suite" finished-at="2025-11-24T17:14:05 IST" duration-ms="2865">
    <groups>
    </groups>
    <test started-at="2025-11-24T17:14:02 IST" name="Default test" finished-at="2025-11-24T17:14:05 IST" duration-ms="2865">
      <class name="rest.com.Rest_Class">
        <test-method signature="getuserliststatus()[pri:1, instance:rest.com.Rest_Class@73a1e9a9]" started-at="2025-11-24T17:14:02 IST" name="getuserliststatus" finished-at="2025-11-24T17:14:05 IST" duration-ms="2602" status="PASS">
          <reporter-output>
          </reporter-output>
        </test-method> <!-- getuserliststatus -->
        <test-method signature="Locationsummary()[pri:2, instance:rest.com.Rest_Class@73a1e9a9]" started-at="2025-11-24T17:14:05 IST" name="Locationsummary" finished-at="2025-11-24T17:14:05 IST" duration-ms="203" status="PASS">
          <reporter-output>
          </reporter-output>
        </test-method> <!-- Locationsummary -->
      </class> <!-- rest.com.Rest_Class -->
    </test> <!-- Default test -->
  </suite> <!-- Default suite -->
</testng-results>
